<?xml version="1.0" encoding="UTF-8"?>
<testsuite xmlns:xsi="http://www.w3.org/2001/XMLSchema-instance" xsi:noNamespaceSchemaLocation="https://maven.apache.org/surefire/maven-surefire-plugin/xsd/surefire-test-report-3.0.xsd" version="3.0" name="com.it.MySimpleWebsiteApplicationTests" time="4.55" tests="1" errors="0" skipped="0" failures="0">
  <properties>
    <property name="java.specification.version" value="17"/>
    <property name="sun.cpu.isalist" value="amd64"/>
    <property name="sun.jnu.encoding" value="GBK"/>
    <property name="java.class.path" value="C:\Users\Light\IdeaProjects\my-simple-website\target\test-classes;C:\Users\Light\IdeaProjects\my-simple-website\target\classes;D:\develop\apache-maven-3.6.1\mvn_repo\org\springframework\boot\spring-boot-starter-web\3.3.5\spring-boot-starter-web-3.3.5.jar;D:\develop\apache-maven-3.6.1\mvn_repo\org\springframework\boot\spring-boot-starter\3.3.5\spring-boot-starter-3.3.5.jar;D:\develop\apache-maven-3.6.1\mvn_repo\org\springframework\boot\spring-boot\3.3.5\spring-boot-3.3.5.jar;D:\develop\apache-maven-3.6.1\mvn_repo\org\springframework\boot\spring-boot-autoconfigure\3.3.5\spring-boot-autoconfigure-3.3.5.jar;D:\develop\apache-maven-3.6.1\mvn_repo\org\springframework\boot\spring-boot-starter-logging\3.3.5\spring-boot-starter-logging-3.3.5.jar;D:\develop\apache-maven-3.6.1\mvn_repo\ch\qos\logback\logback-classic\1.5.11\logback-classic-1.5.11.jar;D:\develop\apache-maven-3.6.1\mvn_repo\ch\qos\logback\logback-core\1.5.11\logback-core-1.5.11.jar;D:\develop\apache-maven-3.6.1\mvn_repo\org\apache\logging\log4j\log4j-to-slf4j\2.23.1\log4j-to-slf4j-2.23.1.jar;D:\develop\apache-maven-3.6.1\mvn_repo\org\apache\logging\log4j\log4j-api\2.23.1\log4j-api-2.23.1.jar;D:\develop\apache-maven-3.6.1\mvn_repo\org\slf4j\jul-to-slf4j\2.0.16\jul-to-slf4j-2.0.16.jar;D:\develop\apache-maven-3.6.1\mvn_repo\jakarta\annotation\jakarta.annotation-api\2.1.1\jakarta.annotation-api-2.1.1.jar;D:\develop\apache-maven-3.6.1\mvn_repo\org\yaml\snakeyaml\2.2\snakeyaml-2.2.jar;D:\develop\apache-maven-3.6.1\mvn_repo\org\springframework\boot\spring-boot-starter-json\3.3.5\spring-boot-starter-json-3.3.5.jar;D:\develop\apache-maven-3.6.1\mvn_repo\com\fasterxml\jackson\core\jackson-databind\2.17.2\jackson-databind-2.17.2.jar;D:\develop\apache-maven-3.6.1\mvn_repo\com\fasterxml\jackson\core\jackson-annotations\2.17.2\jackson-annotations-2.17.2.jar;D:\develop\apache-maven-3.6.1\mvn_repo\com\fasterxml\jackson\core\jackson-core\2.17.2\jackson-core-2.17.2.jar;D:\develop\apache-maven-3.6.1\mvn_repo\com\fasterxml\jackson\datatype\jackson-datatype-jdk8\2.17.2\jackson-datatype-jdk8-2.17.2.jar;D:\develop\apache-maven-3.6.1\mvn_repo\com\fasterxml\jackson\datatype\jackson-datatype-jsr310\2.17.2\jackson-datatype-jsr310-2.17.2.jar;D:\develop\apache-maven-3.6.1\mvn_repo\com\fasterxml\jackson\module\jackson-module-parameter-names\2.17.2\jackson-module-parameter-names-2.17.2.jar;D:\develop\apache-maven-3.6.1\mvn_repo\org\springframework\boot\spring-boot-starter-tomcat\3.3.5\spring-boot-starter-tomcat-3.3.5.jar;D:\develop\apache-maven-3.6.1\mvn_repo\org\apache\tomcat\embed\tomcat-embed-core\10.1.31\tomcat-embed-core-10.1.31.jar;D:\develop\apache-maven-3.6.1\mvn_repo\org\apache\tomcat\embed\tomcat-embed-el\10.1.31\tomcat-embed-el-10.1.31.jar;D:\develop\apache-maven-3.6.1\mvn_repo\org\apache\tomcat\embed\tomcat-embed-websocket\10.1.31\tomcat-embed-websocket-10.1.31.jar;D:\develop\apache-maven-3.6.1\mvn_repo\org\springframework\spring-web\6.1.14\spring-web-6.1.14.jar;D:\develop\apache-maven-3.6.1\mvn_repo\org\springframework\spring-beans\6.1.14\spring-beans-6.1.14.jar;D:\develop\apache-maven-3.6.1\mvn_repo\io\micrometer\micrometer-observation\1.13.6\micrometer-observation-1.13.6.jar;D:\develop\apache-maven-3.6.1\mvn_repo\io\micrometer\micrometer-commons\1.13.6\micrometer-commons-1.13.6.jar;D:\develop\apache-maven-3.6.1\mvn_repo\org\springframework\spring-webmvc\6.1.14\spring-webmvc-6.1.14.jar;D:\develop\apache-maven-3.6.1\mvn_repo\org\springframework\spring-aop\6.1.14\spring-aop-6.1.14.jar;D:\develop\apache-maven-3.6.1\mvn_repo\org\springframework\spring-context\6.1.14\spring-context-6.1.14.jar;D:\develop\apache-maven-3.6.1\mvn_repo\org\springframework\spring-expression\6.1.14\spring-expression-6.1.14.jar;D:\develop\apache-maven-3.6.1\mvn_repo\org\mybatis\spring\boot\mybatis-spring-boot-starter\3.0.3\mybatis-spring-boot-starter-3.0.3.jar;D:\develop\apache-maven-3.6.1\mvn_repo\org\springframework\boot\spring-boot-starter-jdbc\3.3.5\spring-boot-starter-jdbc-3.3.5.jar;D:\develop\apache-maven-3.6.1\mvn_repo\com\zaxxer\HikariCP\5.1.0\HikariCP-5.1.0.jar;D:\develop\apache-maven-3.6.1\mvn_repo\org\springframework\spring-jdbc\6.1.14\spring-jdbc-6.1.14.jar;D:\develop\apache-maven-3.6.1\mvn_repo\org\mybatis\spring\boot\mybatis-spring-boot-autoconfigure\3.0.3\mybatis-spring-boot-autoconfigure-3.0.3.jar;D:\develop\apache-maven-3.6.1\mvn_repo\org\mybatis\mybatis\3.5.14\mybatis-3.5.14.jar;D:\develop\apache-maven-3.6.1\mvn_repo\org\mybatis\mybatis-spring\3.0.3\mybatis-spring-3.0.3.jar;D:\develop\apache-maven-3.6.1\mvn_repo\com\mysql\mysql-connector-j\8.3.0\mysql-connector-j-8.3.0.jar;D:\develop\apache-maven-3.6.1\mvn_repo\org\projectlombok\lombok\1.18.34\lombok-1.18.34.jar;D:\develop\apache-maven-3.6.1\mvn_repo\org\springframework\boot\spring-boot-starter-test\3.3.5\spring-boot-starter-test-3.3.5.jar;D:\develop\apache-maven-3.6.1\mvn_repo\org\springframework\boot\spring-boot-test\3.3.5\spring-boot-test-3.3.5.jar;D:\develop\apache-maven-3.6.1\mvn_repo\org\springframework\boot\spring-boot-test-autoconfigure\3.3.5\spring-boot-test-autoconfigure-3.3.5.jar;D:\develop\apache-maven-3.6.1\mvn_repo\com\jayway\jsonpath\json-path\2.9.0\json-path-2.9.0.jar;D:\develop\apache-maven-3.6.1\mvn_repo\org\slf4j\slf4j-api\2.0.16\slf4j-api-2.0.16.jar;D:\develop\apache-maven-3.6.1\mvn_repo\jakarta\xml\bind\jakarta.xml.bind-api\4.0.2\jakarta.xml.bind-api-4.0.2.jar;D:\develop\apache-maven-3.6.1\mvn_repo\jakarta\activation\jakarta.activation-api\2.1.3\jakarta.activation-api-2.1.3.jar;D:\develop\apache-maven-3.6.1\mvn_repo\net\minidev\json-smart\2.5.1\json-smart-2.5.1.jar;D:\develop\apache-maven-3.6.1\mvn_repo\net\minidev\accessors-smart\2.5.1\accessors-smart-2.5.1.jar;D:\develop\apache-maven-3.6.1\mvn_repo\org\ow2\asm\asm\9.6\asm-9.6.jar;D:\develop\apache-maven-3.6.1\mvn_repo\org\assertj\assertj-core\3.25.3\assertj-core-3.25.3.jar;D:\develop\apache-maven-3.6.1\mvn_repo\net\bytebuddy\byte-buddy\1.14.19\byte-buddy-1.14.19.jar;D:\develop\apache-maven-3.6.1\mvn_repo\org\awaitility\awaitility\4.2.2\awaitility-4.2.2.jar;D:\develop\apache-maven-3.6.1\mvn_repo\org\hamcrest\hamcrest\2.2\hamcrest-2.2.jar;D:\develop\apache-maven-3.6.1\mvn_repo\org\junit\jupiter\junit-jupiter\5.10.5\junit-jupiter-5.10.5.jar;D:\develop\apache-maven-3.6.1\mvn_repo\org\junit\jupiter\junit-jupiter-api\5.10.5\junit-jupiter-api-5.10.5.jar;D:\develop\apache-maven-3.6.1\mvn_repo\org\opentest4j\opentest4j\1.3.0\opentest4j-1.3.0.jar;D:\develop\apache-maven-3.6.1\mvn_repo\org\junit\platform\junit-platform-commons\1.10.5\junit-platform-commons-1.10.5.jar;D:\develop\apache-maven-3.6.1\mvn_repo\org\apiguardian\apiguardian-api\1.1.2\apiguardian-api-1.1.2.jar;D:\develop\apache-maven-3.6.1\mvn_repo\org\junit\jupiter\junit-jupiter-params\5.10.5\junit-jupiter-params-5.10.5.jar;D:\develop\apache-maven-3.6.1\mvn_repo\org\junit\jupiter\junit-jupiter-engine\5.10.5\junit-jupiter-engine-5.10.5.jar;D:\develop\apache-maven-3.6.1\mvn_repo\org\junit\platform\junit-platform-engine\1.10.5\junit-platform-engine-1.10.5.jar;D:\develop\apache-maven-3.6.1\mvn_repo\org\mockito\mockito-core\5.11.0\mockito-core-5.11.0.jar;D:\develop\apache-maven-3.6.1\mvn_repo\net\bytebuddy\byte-buddy-agent\1.14.19\byte-buddy-agent-1.14.19.jar;D:\develop\apache-maven-3.6.1\mvn_repo\org\objenesis\objenesis\3.3\objenesis-3.3.jar;D:\develop\apache-maven-3.6.1\mvn_repo\org\mockito\mockito-junit-jupiter\5.11.0\mockito-junit-jupiter-5.11.0.jar;D:\develop\apache-maven-3.6.1\mvn_repo\org\skyscreamer\jsonassert\1.5.3\jsonassert-1.5.3.jar;D:\develop\apache-maven-3.6.1\mvn_repo\com\vaadin\external\google\android-json\0.0.20131108.vaadin1\android-json-0.0.20131108.vaadin1.jar;D:\develop\apache-maven-3.6.1\mvn_repo\org\springframework\spring-core\6.1.14\spring-core-6.1.14.jar;D:\develop\apache-maven-3.6.1\mvn_repo\org\springframework\spring-jcl\6.1.14\spring-jcl-6.1.14.jar;D:\develop\apache-maven-3.6.1\mvn_repo\org\springframework\spring-test\6.1.14\spring-test-6.1.14.jar;D:\develop\apache-maven-3.6.1\mvn_repo\org\xmlunit\xmlunit-core\2.9.1\xmlunit-core-2.9.1.jar;D:\develop\apache-maven-3.6.1\mvn_repo\org\mybatis\spring\boot\mybatis-spring-boot-starter-test\3.0.3\mybatis-spring-boot-starter-test-3.0.3.jar;D:\develop\apache-maven-3.6.1\mvn_repo\org\mybatis\spring\boot\mybatis-spring-boot-test-autoconfigure\3.0.3\mybatis-spring-boot-test-autoconfigure-3.0.3.jar;D:\develop\apache-maven-3.6.1\mvn_repo\org\springframework\spring-tx\6.1.14\spring-tx-6.1.14.jar;"/>
    <property name="java.vm.vendor" value="Oracle Corporation"/>
    <property name="sun.arch.data.model" value="64"/>
    <property name="user.variant" value=""/>
    <property name="java.vendor.url" value="https://java.oracle.com/"/>
    <property name="user.timezone" value="Asia/Shanghai"/>
    <property name="os.name" value="Windows 11"/>
    <property name="java.vm.specification.version" value="17"/>
    <property name="sun.java.launcher" value="SUN_STANDARD"/>
    <property name="user.country" value="CN"/>
    <property name="sun.boot.library.path" value="D:\develop\Jdk\jdk-17\bin"/>
    <property name="sun.java.command" value="C:\Users\Light\AppData\Local\Temp\surefire659636811352541377\surefirebooter-20241106114248438_3.jar C:\Users\Light\AppData\Local\Temp\surefire659636811352541377 2024-11-06T11-42-48_241-jvmRun1 surefire-20241106114248438_1tmp surefire_0-20241106114248438_2tmp"/>
    <property name="jdk.debug" value="release"/>
    <property name="surefire.test.class.path" value="C:\Users\Light\IdeaProjects\my-simple-website\target\test-classes;C:\Users\Light\IdeaProjects\my-simple-website\target\classes;D:\develop\apache-maven-3.6.1\mvn_repo\org\springframework\boot\spring-boot-starter-web\3.3.5\spring-boot-starter-web-3.3.5.jar;D:\develop\apache-maven-3.6.1\mvn_repo\org\springframework\boot\spring-boot-starter\3.3.5\spring-boot-starter-3.3.5.jar;D:\develop\apache-maven-3.6.1\mvn_repo\org\springframework\boot\spring-boot\3.3.5\spring-boot-3.3.5.jar;D:\develop\apache-maven-3.6.1\mvn_repo\org\springframework\boot\spring-boot-autoconfigure\3.3.5\spring-boot-autoconfigure-3.3.5.jar;D:\develop\apache-maven-3.6.1\mvn_repo\org\springframework\boot\spring-boot-starter-logging\3.3.5\spring-boot-starter-logging-3.3.5.jar;D:\develop\apache-maven-3.6.1\mvn_repo\ch\qos\logback\logback-classic\1.5.11\logback-classic-1.5.11.jar;D:\develop\apache-maven-3.6.1\mvn_repo\ch\qos\logback\logback-core\1.5.11\logback-core-1.5.11.jar;D:\develop\apache-maven-3.6.1\mvn_repo\org\apache\logging\log4j\log4j-to-slf4j\2.23.1\log4j-to-slf4j-2.23.1.jar;D:\develop\apache-maven-3.6.1\mvn_repo\org\apache\logging\log4j\log4j-api\2.23.1\log4j-api-2.23.1.jar;D:\develop\apache-maven-3.6.1\mvn_repo\org\slf4j\jul-to-slf4j\2.0.16\jul-to-slf4j-2.0.16.jar;D:\develop\apache-maven-3.6.1\mvn_repo\jakarta\annotation\jakarta.annotation-api\2.1.1\jakarta.annotation-api-2.1.1.jar;D:\develop\apache-maven-3.6.1\mvn_repo\org\yaml\snakeyaml\2.2\snakeyaml-2.2.jar;D:\develop\apache-maven-3.6.1\mvn_repo\org\springframework\boot\spring-boot-starter-json\3.3.5\spring-boot-starter-json-3.3.5.jar;D:\develop\apache-maven-3.6.1\mvn_repo\com\fasterxml\jackson\core\jackson-databind\2.17.2\jackson-databind-2.17.2.jar;D:\develop\apache-maven-3.6.1\mvn_repo\com\fasterxml\jackson\core\jackson-annotations\2.17.2\jackson-annotations-2.17.2.jar;D:\develop\apache-maven-3.6.1\mvn_repo\com\fasterxml\jackson\core\jackson-core\2.17.2\jackson-core-2.17.2.jar;D:\develop\apache-maven-3.6.1\mvn_repo\com\fasterxml\jackson\datatype\jackson-datatype-jdk8\2.17.2\jackson-datatype-jdk8-2.17.2.jar;D:\develop\apache-maven-3.6.1\mvn_repo\com\fasterxml\jackson\datatype\jackson-datatype-jsr310\2.17.2\jackson-datatype-jsr310-2.17.2.jar;D:\develop\apache-maven-3.6.1\mvn_repo\com\fasterxml\jackson\module\jackson-module-parameter-names\2.17.2\jackson-module-parameter-names-2.17.2.jar;D:\develop\apache-maven-3.6.1\mvn_repo\org\springframework\boot\spring-boot-starter-tomcat\3.3.5\spring-boot-starter-tomcat-3.3.5.jar;D:\develop\apache-maven-3.6.1\mvn_repo\org\apache\tomcat\embed\tomcat-embed-core\10.1.31\tomcat-embed-core-10.1.31.jar;D:\develop\apache-maven-3.6.1\mvn_repo\org\apache\tomcat\embed\tomcat-embed-el\10.1.31\tomcat-embed-el-10.1.31.jar;D:\develop\apache-maven-3.6.1\mvn_repo\org\apache\tomcat\embed\tomcat-embed-websocket\10.1.31\tomcat-embed-websocket-10.1.31.jar;D:\develop\apache-maven-3.6.1\mvn_repo\org\springframework\spring-web\6.1.14\spring-web-6.1.14.jar;D:\develop\apache-maven-3.6.1\mvn_repo\org\springframework\spring-beans\6.1.14\spring-beans-6.1.14.jar;D:\develop\apache-maven-3.6.1\mvn_repo\io\micrometer\micrometer-observation\1.13.6\micrometer-observation-1.13.6.jar;D:\develop\apache-maven-3.6.1\mvn_repo\io\micrometer\micrometer-commons\1.13.6\micrometer-commons-1.13.6.jar;D:\develop\apache-maven-3.6.1\mvn_repo\org\springframework\spring-webmvc\6.1.14\spring-webmvc-6.1.14.jar;D:\develop\apache-maven-3.6.1\mvn_repo\org\springframework\spring-aop\6.1.14\spring-aop-6.1.14.jar;D:\develop\apache-maven-3.6.1\mvn_repo\org\springframework\spring-context\6.1.14\spring-context-6.1.14.jar;D:\develop\apache-maven-3.6.1\mvn_repo\org\springframework\spring-expression\6.1.14\spring-expression-6.1.14.jar;D:\develop\apache-maven-3.6.1\mvn_repo\org\mybatis\spring\boot\mybatis-spring-boot-starter\3.0.3\mybatis-spring-boot-starter-3.0.3.jar;D:\develop\apache-maven-3.6.1\mvn_repo\org\springframework\boot\spring-boot-starter-jdbc\3.3.5\spring-boot-starter-jdbc-3.3.5.jar;D:\develop\apache-maven-3.6.1\mvn_repo\com\zaxxer\HikariCP\5.1.0\HikariCP-5.1.0.jar;D:\develop\apache-maven-3.6.1\mvn_repo\org\springframework\spring-jdbc\6.1.14\spring-jdbc-6.1.14.jar;D:\develop\apache-maven-3.6.1\mvn_repo\org\mybatis\spring\boot\mybatis-spring-boot-autoconfigure\3.0.3\mybatis-spring-boot-autoconfigure-3.0.3.jar;D:\develop\apache-maven-3.6.1\mvn_repo\org\mybatis\mybatis\3.5.14\mybatis-3.5.14.jar;D:\develop\apache-maven-3.6.1\mvn_repo\org\mybatis\mybatis-spring\3.0.3\mybatis-spring-3.0.3.jar;D:\develop\apache-maven-3.6.1\mvn_repo\com\mysql\mysql-connector-j\8.3.0\mysql-connector-j-8.3.0.jar;D:\develop\apache-maven-3.6.1\mvn_repo\org\projectlombok\lombok\1.18.34\lombok-1.18.34.jar;D:\develop\apache-maven-3.6.1\mvn_repo\org\springframework\boot\spring-boot-starter-test\3.3.5\spring-boot-starter-test-3.3.5.jar;D:\develop\apache-maven-3.6.1\mvn_repo\org\springframework\boot\spring-boot-test\3.3.5\spring-boot-test-3.3.5.jar;D:\develop\apache-maven-3.6.1\mvn_repo\org\springframework\boot\spring-boot-test-autoconfigure\3.3.5\spring-boot-test-autoconfigure-3.3.5.jar;D:\develop\apache-maven-3.6.1\mvn_repo\com\jayway\jsonpath\json-path\2.9.0\json-path-2.9.0.jar;D:\develop\apache-maven-3.6.1\mvn_repo\org\slf4j\slf4j-api\2.0.16\slf4j-api-2.0.16.jar;D:\develop\apache-maven-3.6.1\mvn_repo\jakarta\xml\bind\jakarta.xml.bind-api\4.0.2\jakarta.xml.bind-api-4.0.2.jar;D:\develop\apache-maven-3.6.1\mvn_repo\jakarta\activation\jakarta.activation-api\2.1.3\jakarta.activation-api-2.1.3.jar;D:\develop\apache-maven-3.6.1\mvn_repo\net\minidev\json-smart\2.5.1\json-smart-2.5.1.jar;D:\develop\apache-maven-3.6.1\mvn_repo\net\minidev\accessors-smart\2.5.1\accessors-smart-2.5.1.jar;D:\develop\apache-maven-3.6.1\mvn_repo\org\ow2\asm\asm\9.6\asm-9.6.jar;D:\develop\apache-maven-3.6.1\mvn_repo\org\assertj\assertj-core\3.25.3\assertj-core-3.25.3.jar;D:\develop\apache-maven-3.6.1\mvn_repo\net\bytebuddy\byte-buddy\1.14.19\byte-buddy-1.14.19.jar;D:\develop\apache-maven-3.6.1\mvn_repo\org\awaitility\awaitility\4.2.2\awaitility-4.2.2.jar;D:\develop\apache-maven-3.6.1\mvn_repo\org\hamcrest\hamcrest\2.2\hamcrest-2.2.jar;D:\develop\apache-maven-3.6.1\mvn_repo\org\junit\jupiter\junit-jupiter\5.10.5\junit-jupiter-5.10.5.jar;D:\develop\apache-maven-3.6.1\mvn_repo\org\junit\jupiter\junit-jupiter-api\5.10.5\junit-jupiter-api-5.10.5.jar;D:\develop\apache-maven-3.6.1\mvn_repo\org\opentest4j\opentest4j\1.3.0\opentest4j-1.3.0.jar;D:\develop\apache-maven-3.6.1\mvn_repo\org\junit\platform\junit-platform-commons\1.10.5\junit-platform-commons-1.10.5.jar;D:\develop\apache-maven-3.6.1\mvn_repo\org\apiguardian\apiguardian-api\1.1.2\apiguardian-api-1.1.2.jar;D:\develop\apache-maven-3.6.1\mvn_repo\org\junit\jupiter\junit-jupiter-params\5.10.5\junit-jupiter-params-5.10.5.jar;D:\develop\apache-maven-3.6.1\mvn_repo\org\junit\jupiter\junit-jupiter-engine\5.10.5\junit-jupiter-engine-5.10.5.jar;D:\develop\apache-maven-3.6.1\mvn_repo\org\junit\platform\junit-platform-engine\1.10.5\junit-platform-engine-1.10.5.jar;D:\develop\apache-maven-3.6.1\mvn_repo\org\mockito\mockito-core\5.11.0\mockito-core-5.11.0.jar;D:\develop\apache-maven-3.6.1\mvn_repo\net\bytebuddy\byte-buddy-agent\1.14.19\byte-buddy-agent-1.14.19.jar;D:\develop\apache-maven-3.6.1\mvn_repo\org\objenesis\objenesis\3.3\objenesis-3.3.jar;D:\develop\apache-maven-3.6.1\mvn_repo\org\mockito\mockito-junit-jupiter\5.11.0\mockito-junit-jupiter-5.11.0.jar;D:\develop\apache-maven-3.6.1\mvn_repo\org\skyscreamer\jsonassert\1.5.3\jsonassert-1.5.3.jar;D:\develop\apache-maven-3.6.1\mvn_repo\com\vaadin\external\google\android-json\0.0.20131108.vaadin1\android-json-0.0.20131108.vaadin1.jar;D:\develop\apache-maven-3.6.1\mvn_repo\org\springframework\spring-core\6.1.14\spring-core-6.1.14.jar;D:\develop\apache-maven-3.6.1\mvn_repo\org\springframework\spring-jcl\6.1.14\spring-jcl-6.1.14.jar;D:\develop\apache-maven-3.6.1\mvn_repo\org\springframework\spring-test\6.1.14\spring-test-6.1.14.jar;D:\develop\apache-maven-3.6.1\mvn_repo\org\xmlunit\xmlunit-core\2.9.1\xmlunit-core-2.9.1.jar;D:\develop\apache-maven-3.6.1\mvn_repo\org\mybatis\spring\boot\mybatis-spring-boot-starter-test\3.0.3\mybatis-spring-boot-starter-test-3.0.3.jar;D:\develop\apache-maven-3.6.1\mvn_repo\org\mybatis\spring\boot\mybatis-spring-boot-test-autoconfigure\3.0.3\mybatis-spring-boot-test-autoconfigure-3.0.3.jar;D:\develop\apache-maven-3.6.1\mvn_repo\org\springframework\spring-tx\6.1.14\spring-tx-6.1.14.jar;"/>
    <property name="sun.cpu.endian" value="little"/>
    <property name="user.home" value="C:\Users\Light"/>
    <property name="user.language" value="zh"/>
    <property name="java.specification.vendor" value="Oracle Corporation"/>
    <property name="java.version.date" value="2024-07-16"/>
    <property name="java.home" value="D:\develop\Jdk\jdk-17"/>
    <property name="file.separator" value="\"/>
    <property name="basedir" value="C:\Users\Light\IdeaProjects\my-simple-website"/>
    <property name="java.vm.compressedOopsMode" value="Zero based"/>
    <property name="line.separator" value="&#10;"/>
    <property name="java.vm.specification.vendor" value="Oracle Corporation"/>
    <property name="java.specification.name" value="Java Platform API Specification"/>
    <property name="FILE_LOG_CHARSET" value="GBK"/>
    <property name="java.awt.headless" value="true"/>
    <property name="surefire.real.class.path" value="C:\Users\Light\AppData\Local\Temp\surefire659636811352541377\surefirebooter-20241106114248438_3.jar"/>
    <property name="user.script" value=""/>
    <property name="sun.management.compiler" value="HotSpot 64-Bit Tiered Compilers"/>
    <property name="java.runtime.version" value="17.0.12+8-LTS-286"/>
    <property name="user.name" value="Light"/>
    <property name="path.separator" value=";"/>
    <property name="os.version" value="10.0"/>
    <property name="java.runtime.name" value="Java(TM) SE Runtime Environment"/>
    <property name="file.encoding" value="GBK"/>
    <property name="java.vm.name" value="Java HotSpot(TM) 64-Bit Server VM"/>
    <property name="localRepository" value="D:\develop\apache-maven-3.6.1\mvn_repo"/>
    <property name="java.vendor.url.bug" value="https://bugreport.java.com/bugreport/"/>
    <property name="java.io.tmpdir" value="C:\Users\Light\AppData\Local\Temp\"/>
    <property name="java.version" value="17.0.12"/>
    <property name="user.dir" value="C:\Users\Light\IdeaProjects\my-simple-website"/>
    <property name="os.arch" value="amd64"/>
    <property name="java.vm.specification.name" value="Java Virtual Machine Specification"/>
    <property name="PID" value="2448"/>
    <property name="sun.os.patch.level" value=""/>
    <property name="CONSOLE_LOG_CHARSET" value="GBK"/>
    <property name="native.encoding" value="GBK"/>
    <property name="java.library.path" value="D:\develop\Jdk\jdk-17\bin;C:\WINDOWS\Sun\Java\bin;C:\WINDOWS\system32;C:\WINDOWS;D:\develop\python310\Scripts\;D:\develop\python310\;D:\develop\Python\Scripts\;D:\develop\Python\;D:\develop\Jdk\jdk-17\bin;D:\develop\Jdk\jdk-17\jre\bin;D:\Install\VMware\bin\;C:\Windows\system32;C:\Windows;C:\Windows\System32\Wbem;C:\Windows\System32\WindowsPowerShell\v1.0\;C:\Windows\System32\OpenSSH\;C:\Program Files (x86)\NVIDIA Corporation\PhysX\Common;C:\Program Files\NVIDIA Corporation\NVIDIA NvDLISR;C:\Program Files\dotnet\;C:\WINDOWS\system32;C:\WINDOWS;C:\WINDOWS\System32\Wbem;C:\WINDOWS\System32\WindowsPowerShell\v1.0\;C:\WINDOWS\System32\OpenSSH\;D:\develop\NodeJS\;D:\develop\apache-maven-3.9.4\bin;D:\develop\mysql-8.0.31-winx64\bin;D:\develop\Git\cmd;D:\develop\apache-tomcat-9.0.27\bin;D:\develop\apache-tomcat-9.0.27\lib;C:\Users\Light\AppData\Local\Microsoft\WindowsApps;C:\Program Files\JetBrains\IntelliJ IDEA 2024.1.2\bin;;C:\Users\Light\AppData\Roaming\npm;Quartus\modelsim_ase\win32aloem;D:\develop\Microsoft VS Code\bin;D:\develop\msys64\ucrt64\bin;D:\Software\Bandizip\;."/>
    <property name="java.vm.info" value="mixed mode, sharing"/>
    <property name="java.vendor" value="Oracle Corporation"/>
    <property name="java.vm.version" value="17.0.12+8-LTS-286"/>
    <property name="sun.io.unicode.encoding" value="UnicodeLittle"/>
    <property name="java.class.version" value="61.0"/>
    <property name="LOGGED_APPLICATION_NAME" value="[my-simple-website] "/>
  </properties>
  <testcase name="contextLoads" classname="com.it.MySimpleWebsiteApplicationTests" time="1.253">
    <system-out><![CDATA[11:42:49.424 [main] INFO org.springframework.test.context.support.AnnotationConfigContextLoaderUtils -- Could not detect default configuration classes for test class [com.it.MySimpleWebsiteApplicationTests]: MySimpleWebsiteApplicationTests does not declare any static, non-private, non-final, nested classes annotated with @Configuration.
11:42:49.549 [main] INFO org.springframework.boot.test.context.SpringBootTestContextBootstrapper -- Found @SpringBootConfiguration com.it.MySimpleWebsiteApplication for test class com.it.MySimpleWebsiteApplicationTests

  .   ____          _            __ _ _
 /\\ / ___'_ __ _ _(_)_ __  __ _ \ \ \ \
( ( )\___ | '_ | '_| | '_ \/ _` | \ \ \ \
 \\/  ___)| |_)| | | | | || (_| |  ) ) ) )
  '  |____| .__|_| |_|_| |_\__, | / / / /
 =========|_|==============|___/=/_/_/_/

 :: Spring Boot ::                (v3.3.5)

2024-11-06T11:42:50.059+08:00  INFO 2448 --- [my-simple-website] [           main] com.it.MySimpleWebsiteApplicationTests   : Starting MySimpleWebsiteApplicationTests using Java 17.0.12 with PID 2448 (started by Light in C:\Users\Light\IdeaProjects\my-simple-website)
2024-11-06T11:42:50.060+08:00  INFO 2448 --- [my-simple-website] [           main] com.it.MySimpleWebsiteApplicationTests   : No active profile set, falling back to 1 default profile: "default"
Logging initialized using 'class org.apache.ibatis.logging.stdout.StdOutImpl' adapter.
2024-11-06T11:42:51.566+08:00 ERROR 2448 --- [my-simple-website] [           main] o.a.catalina.core.AprLifecycleListener   : An incompatible version [1.2.23] of the Apache Tomcat Native library is installed, while Tomcat requires version [1.2.34]
2024-11-06T11:42:51.886+08:00  INFO 2448 --- [my-simple-website] [           main] o.s.b.a.w.s.WelcomePageHandlerMapping    : Adding welcome page: class path resource [static/index.html]
2024-11-06T11:42:52.477+08:00  INFO 2448 --- [my-simple-website] [           main] com.it.MySimpleWebsiteApplicationTests   : Started MySimpleWebsiteApplicationTests in 2.713 seconds (process running for 3.917)
]]></system-out>
  </testcase>
</testsuite>